Determining if the pthread_create exist failed with the following output:
Change Dir: /home/benedict/CLionProjects/matrix_expo/cmake-build-debug/CMakeFiles/CMakeTmp

Run Build Command:"/usr/bin/make" "cmTC_d0d0f/fast"
/usr/bin/make -f CMakeFiles/cmTC_d0d0f.dir/build.make CMakeFiles/cmTC_d0d0f.dir/build
make[1]: Entering directory '/home/benedict/CLionProjects/matrix_expo/cmake-build-debug/CMakeFiles/CMakeTmp'
Building C object CMakeFiles/cmTC_d0d0f.dir/CheckSymbolExists.c.o
/usr/bin/cc   -std=gnu99 -o CMakeFiles/cmTC_d0d0f.dir/CheckSymbolExists.c.o   -c /home/benedict/CLionProjects/matrix_expo/cmake-build-debug/CMakeFiles/CMakeTmp/CheckSymbolExists.c
Linking C executable cmTC_d0d0f
/snap/clion/61/bin/cmake/linux/bin/cmake -E cmake_link_script CMakeFiles/cmTC_d0d0f.dir/link.txt --verbose=1
/usr/bin/cc      CMakeFiles/cmTC_d0d0f.dir/CheckSymbolExists.c.o  -o cmTC_d0d0f 
CMakeFiles/cmTC_d0d0f.dir/CheckSymbolExists.c.o: In function `main':
CheckSymbolExists.c:(.text+0x1b): undefined reference to `pthread_create'
collect2: error: ld returned 1 exit status
CMakeFiles/cmTC_d0d0f.dir/build.make:86: recipe for target 'cmTC_d0d0f' failed
make[1]: *** [cmTC_d0d0f] Error 1
make[1]: Leaving directory '/home/benedict/CLionProjects/matrix_expo/cmake-build-debug/CMakeFiles/CMakeTmp'
Makefile:121: recipe for target 'cmTC_d0d0f/fast' failed
make: *** [cmTC_d0d0f/fast] Error 2

File /home/benedict/CLionProjects/matrix_expo/cmake-build-debug/CMakeFiles/CMakeTmp/CheckSymbolExists.c:
/* */
#include <pthread.h>

int main(int argc, char** argv)
{
  (void)argv;
#ifndef pthread_create
  return ((int*)(&pthread_create))[argc];
#else
  (void)argc;
  return 0;
#endif
}

Determining if the function pthread_create exists in the pthreads failed with the following output:
Change Dir: /home/benedict/CLionProjects/matrix_expo/cmake-build-debug/CMakeFiles/CMakeTmp

Run Build Command:"/usr/bin/make" "cmTC_29a36/fast"
/usr/bin/make -f CMakeFiles/cmTC_29a36.dir/build.make CMakeFiles/cmTC_29a36.dir/build
make[1]: Entering directory '/home/benedict/CLionProjects/matrix_expo/cmake-build-debug/CMakeFiles/CMakeTmp'
Building C object CMakeFiles/cmTC_29a36.dir/CheckFunctionExists.c.o
/usr/bin/cc   -DCHECK_FUNCTION_EXISTS=pthread_create   -std=gnu99 -o CMakeFiles/cmTC_29a36.dir/CheckFunctionExists.c.o   -c /snap/clion/61/bin/cmake/linux/share/cmake-3.13/Modules/CheckFunctionExists.c
Linking C executable cmTC_29a36
/snap/clion/61/bin/cmake/linux/bin/cmake -E cmake_link_script CMakeFiles/cmTC_29a36.dir/link.txt --verbose=1
/usr/bin/cc  -DCHECK_FUNCTION_EXISTS=pthread_create    CMakeFiles/cmTC_29a36.dir/CheckFunctionExists.c.o  -o cmTC_29a36 -lpthreads 
/usr/bin/ld: cannot find -lpthreads
collect2: error: ld returned 1 exit status
CMakeFiles/cmTC_29a36.dir/build.make:86: recipe for target 'cmTC_29a36' failed
make[1]: *** [cmTC_29a36] Error 1
make[1]: Leaving directory '/home/benedict/CLionProjects/matrix_expo/cmake-build-debug/CMakeFiles/CMakeTmp'
Makefile:121: recipe for target 'cmTC_29a36/fast' failed
make: *** [cmTC_29a36/fast] Error 2


